<?xml version="1.0" encoding="UTF-8"?>
<testng-results skipped="0" failed="0" ignored="0" total="1" passed="1">
  <reporter-output>
  </reporter-output>
  <suite name="Default suite" duration-ms="2644" started-at="2019-05-14T17:05:28Z" finished-at="2019-05-14T17:05:31Z">
    <groups>
    </groups>
    <test name="Default test" duration-ms="2644" started-at="2019-05-14T17:05:28Z" finished-at="2019-05-14T17:05:31Z">
      <class name="com.RestAssured.StaticJson.StaticJson">
        <test-method status="PASS" signature="staticJsonPayload()[pri:0, instance:com.RestAssured.StaticJson.StaticJson@42dafa95]" name="staticJsonPayload" duration-ms="2619" started-at="2019-05-14T17:05:28Z" finished-at="2019-05-14T17:05:31Z">
          <reporter-output>
          </reporter-output>
        </test-method> <!-- staticJsonPayload -->
      </class> <!-- com.RestAssured.StaticJson.StaticJson -->
    </test> <!-- Default test -->
  </suite> <!-- Default suite -->
</testng-results>
