<?xml version="1.0" encoding="UTF-8"?>
<testng-results skipped="0" failed="0" ignored="0" total="1" passed="1">
  <reporter-output>
  </reporter-output>
  <suite name="Default suite" duration-ms="1987" started-at="2019-05-06T19:07:38Z" finished-at="2019-05-06T19:07:40Z">
    <groups>
    </groups>
    <test name="Default test" duration-ms="1987" started-at="2019-05-06T19:07:38Z" finished-at="2019-05-06T19:07:40Z">
      <class name="com.RestAssured.xmlpractices.BasciesOfXml">
        <test-method status="PASS" signature="postRequestXml()[pri:0, instance:com.RestAssured.xmlpractices.BasciesOfXml@42dafa95]" name="postRequestXml" duration-ms="1962" started-at="2019-05-06T19:07:38Z" finished-at="2019-05-06T19:07:40Z">
          <reporter-output>
          </reporter-output>
        </test-method> <!-- postRequestXml -->
      </class> <!-- com.RestAssured.xmlpractices.BasciesOfXml -->
    </test> <!-- Default test -->
  </suite> <!-- Default suite -->
</testng-results>
